<?xml version="1.0" encoding="UTF-8" ?>
<testsuite tests="18" failures="0" name="nz.ac.auckland.concert.client.service.ConcertServiceTest" time="11.84" errors="0" skipped="0">
  <properties>
    <property name="idea.version" value="2018.1"/>
    <property name="java.runtime.name" value="Java(TM) SE Runtime Environment"/>
    <property name="sun.boot.library.path" value="C:\Program Files\Java\jdk1.8.0_121\jre\bin"/>
    <property name="java.vm.version" value="25.121-b13"/>
    <property name="java.vm.vendor" value="Oracle Corporation"/>
    <property name="maven.multiModuleProjectDirectory" value="C:\Users\buste\OneDrive\SchoolWork\Year_3\SOFTENG325\Assignment 1\softeng325-concert\softeng325-concert"/>
    <property name="java.vendor.url" value="http://java.oracle.com/"/>
    <property name="path.separator" value=";"/>
    <property name="guice.disable.misplaced.annotation.check" value="true"/>
    <property name="java.vm.name" value="Java HotSpot(TM) 64-Bit Server VM"/>
    <property name="file.encoding.pkg" value="sun.io"/>
    <property name="user.script" value=""/>
    <property name="user.country" value="NZ"/>
    <property name="sun.java.launcher" value="SUN_STANDARD"/>
    <property name="sun.os.patch.level" value=""/>
    <property name="java.vm.specification.name" value="Java Virtual Machine Specification"/>
    <property name="user.dir" value="C:\Users\buste\OneDrive\SchoolWork\Year_3\SOFTENG325\Assignment 1\softeng325-concert\softeng325-concert"/>
    <property name="java.runtime.version" value="1.8.0_121-b13"/>
    <property name="java.awt.graphicsenv" value="sun.awt.Win32GraphicsEnvironment"/>
    <property name="java.endorsed.dirs" value="C:\Program Files\Java\jdk1.8.0_121\jre\lib\endorsed"/>
    <property name="os.arch" value="amd64"/>
    <property name="java.io.tmpdir" value="C:\Users\buste\AppData\Local\Temp\"/>
    <property name="line.separator" value="
"/>
    <property name="java.vm.specification.vendor" value="Oracle Corporation"/>
    <property name="user.variant" value=""/>
    <property name="os.name" value="Windows 10"/>
    <property name="classworlds.conf" value="C:\Program Files\JetBrains\IntelliJ IDEA Community Edition 2018.1\plugins\maven\lib\maven3\bin\m2.conf"/>
    <property name="sun.jnu.encoding" value="Cp1252"/>
    <property name="java.library.path" value="C:\Program Files\Java\jdk1.8.0_121\bin;C:\WINDOWS\Sun\Java\bin;C:\WINDOWS\system32;C:\WINDOWS;C:\Program Files (x86)\Intel\Intel(R) Management Engine Components\iCLS\;C:\Program Files\Intel\Intel(R) Management Engine Components\iCLS\;C:\ProgramData\Oracle\Java\javapath;C:\Python27;C:\Program Files\Intel\WiFi\bin\;C:\Program Files\Common Files\Intel\WirelessCommon\;C:\WINDOWS\system32;C:\WINDOWS;C:\WINDOWS\System32\Wbem;C:\WINDOWS\System32\WindowsPowerShell\v1.0\;C:\WINDOWS\System32\OpenSSH\;C:\Program Files (x86)\Intel\Intel(R) Management Engine Components\DAL;C:\Program Files\Intel\Intel(R) Management Engine Components\DAL;C:\Program Files (x86)\Intel\Intel(R) Management Engine Components\IPT;C:\Program Files\Intel\Intel(R) Management Engine Components\IPT;C:\Program Files\Java\jdk1.8.0_121\bin;C:\Users\buste\AppData\Local\Microsoft\WindowsApps;C:\Users\buste\AppData\Local\atom\bin;C:\Users\buste\adb-fastboot\platform-tools;C:\Users\buste\AppData\Roaming\npm;C:\sqlite;C:\Users\buste\AppData\Local\Programs\Python\Python36;C:\Users\buste\Anaconda3;C:\Windows\System32;C:\Windows;C:\Windows\System32\Wbem;&quot;C:\Windows\System32\WindowsPowerShell\v1.0;&quot;;;%USERPROFILE%\AppData\Local\Microsoft\WindowsApps;."/>
    <property name="java.specification.name" value="Java Platform API Specification"/>
    <property name="java.class.version" value="52.0"/>
    <property name="sun.management.compiler" value="HotSpot 64-Bit Tiered Compilers"/>
    <property name="os.version" value="10.0"/>
    <property name="user.home" value="C:\Users\buste"/>
    <property name="user.timezone" value="Pacific/Auckland"/>
    <property name="java.awt.printerjob" value="sun.awt.windows.WPrinterJob"/>
    <property name="java.specification.version" value="1.8"/>
    <property name="file.encoding" value="UTF-8"/>
    <property name="user.name" value="buste"/>
    <property name="java.class.path" value="C:\Program Files\JetBrains\IntelliJ IDEA Community Edition 2018.1\plugins\maven\lib\maven3\boot\plexus-classworlds-2.5.2.jar;C:\Program Files\JetBrains\IntelliJ IDEA Community Edition 2018.1\lib\idea_rt.jar"/>
    <property name="java.vm.specification.version" value="1.8"/>
    <property name="sun.arch.data.model" value="64"/>
    <property name="java.home" value="C:\Program Files\Java\jdk1.8.0_121\jre"/>
    <property name="sun.java.command" value="org.codehaus.classworlds.Launcher -Didea.version=2018.1 verify -f pom.xml"/>
    <property name="java.specification.vendor" value="Oracle Corporation"/>
    <property name="user.language" value="en"/>
    <property name="awt.toolkit" value="sun.awt.windows.WToolkit"/>
    <property name="java.vm.info" value="mixed mode"/>
    <property name="java.version" value="1.8.0_121"/>
    <property name="java.ext.dirs" value="C:\Program Files\Java\jdk1.8.0_121\jre\lib\ext;C:\WINDOWS\Sun\Java\lib\ext"/>
    <property name="sun.boot.class.path" value="C:\Program Files\Java\jdk1.8.0_121\jre\lib\resources.jar;C:\Program Files\Java\jdk1.8.0_121\jre\lib\rt.jar;C:\Program Files\Java\jdk1.8.0_121\jre\lib\sunrsasign.jar;C:\Program Files\Java\jdk1.8.0_121\jre\lib\jsse.jar;C:\Program Files\Java\jdk1.8.0_121\jre\lib\jce.jar;C:\Program Files\Java\jdk1.8.0_121\jre\lib\charsets.jar;C:\Program Files\Java\jdk1.8.0_121\jre\lib\jfr.jar;C:\Program Files\Java\jdk1.8.0_121\jre\classes"/>
    <property name="java.vendor" value="Oracle Corporation"/>
    <property name="maven.home" value="C:\Program Files\JetBrains\IntelliJ IDEA Community Edition 2018.1\plugins\maven\lib\maven3"/>
    <property name="file.separator" value="\"/>
    <property name="java.vendor.url.bug" value="http://bugreport.sun.com/bugreport/"/>
    <property name="sun.cpu.endian" value="little"/>
    <property name="sun.io.unicode.encoding" value="UnicodeLittle"/>
    <property name="sun.desktop" value="windows"/>
    <property name="sun.cpu.isalist" value="amd64"/>
  </properties>
  <testcase classname="nz.ac.auckland.concert.client.service.ConcertServiceTest" name="testMakeReservation" time="3.841"/>
  <testcase classname="nz.ac.auckland.concert.client.service.ConcertServiceTest" name="testMakeReservationWhereSeatsAreNotAvailable" time="0.194"/>
  <testcase classname="nz.ac.auckland.concert.client.service.ConcertServiceTest" name="testAuthenticateUserWithMissingPassword" time="0.128"/>
  <testcase classname="nz.ac.auckland.concert.client.service.ConcertServiceTest" name="testConfirmBookingWithExpiredReservation" time="6.105"/>
  <testcase classname="nz.ac.auckland.concert.client.service.ConcertServiceTest" name="testRegisterCreditCard" time="0.222"/>
  <testcase classname="nz.ac.auckland.concert.client.service.ConcertServiceTest" name="testMakeReservationWithBadRequest" time="0.092"/>
  <testcase classname="nz.ac.auckland.concert.client.service.ConcertServiceTest" name="testCreateUserWithMissingField" time="0.163"/>
  <testcase classname="nz.ac.auckland.concert.client.service.ConcertServiceTest" name="testConfirmReservationWithoutRegisteredCreditCard" time="0.188"/>
  <testcase classname="nz.ac.auckland.concert.client.service.ConcertServiceTest" name="testMakeReservationWithUnauthenticatedUser" time="0.068"/>
  <testcase classname="nz.ac.auckland.concert.client.service.ConcertServiceTest" name="testAuthenticateUser" time="0.122"/>
  <testcase classname="nz.ac.auckland.concert.client.service.ConcertServiceTest" name="testCreateUserWithDuplicateUsername" time="0.074"/>
  <testcase classname="nz.ac.auckland.concert.client.service.ConcertServiceTest" name="testRetrieveConcerts" time="0.204"/>
  <testcase classname="nz.ac.auckland.concert.client.service.ConcertServiceTest" name="testRetrievePerformers" time="0.097"/>
  <testcase classname="nz.ac.auckland.concert.client.service.ConcertServiceTest" name="testCreateUser" time="0.061"/>
  <testcase classname="nz.ac.auckland.concert.client.service.ConcertServiceTest" name="testAuthenticateWithNonExistentUser" time="0.052"/>
  <testcase classname="nz.ac.auckland.concert.client.service.ConcertServiceTest" name="testAuthenticateUserWithIncorrectPassword" time="0.052"/>
  <testcase classname="nz.ac.auckland.concert.client.service.ConcertServiceTest" name="testConfirmReservation" time="0.117"/>
  <testcase classname="nz.ac.auckland.concert.client.service.ConcertServiceTest" name="testRegisterCreditCardWithUnauthenticatedUser" time="0.06"/>
</testsuite>